<?xml version="1.0" encoding="UTF-8"?>
<testsuite xmlns:xsi="http://www.w3.org/2001/XMLSchema-instance" xsi:noNamespaceSchemaLocation="https://maven.apache.org/surefire/maven-surefire-plugin/xsd/surefire-test-report.xsd" version="3.0.1" name="com.uttec.calculadora.AppTest" time="0.16" tests="1" errors="0" skipped="0" failures="0">
  <properties>
    <property name="java.specification.version" value="21"/>
    <property name="sun.cpu.isalist" value="amd64"/>
    <property name="sun.jnu.encoding" value="Cp1252"/>
    <property name="java.class.path" value="D:\CalculadoraJava\calculadoraJava\Calculadora\target\test-classes;D:\CalculadoraJava\calculadoraJava\Calculadora\target\classes;C:\Users\Diana Mateos\.m2\repository\org\junit\jupiter\junit-jupiter-api\5.11.0\junit-jupiter-api-5.11.0.jar;C:\Users\Diana Mateos\.m2\repository\org\opentest4j\opentest4j\1.3.0\opentest4j-1.3.0.jar;C:\Users\Diana Mateos\.m2\repository\org\junit\platform\junit-platform-commons\1.11.0\junit-platform-commons-1.11.0.jar;C:\Users\Diana Mateos\.m2\repository\org\apiguardian\apiguardian-api\1.1.2\apiguardian-api-1.1.2.jar;C:\Users\Diana Mateos\.m2\repository\org\junit\jupiter\junit-jupiter-params\5.11.0\junit-jupiter-params-5.11.0.jar;"/>
    <property name="java.vm.vendor" value="Oracle Corporation"/>
    <property name="sun.arch.data.model" value="64"/>
    <property name="user.variant" value=""/>
    <property name="java.vendor.url" value="https://java.oracle.com/"/>
    <property name="user.timezone" value="America/Mexico_City"/>
    <property name="os.name" value="Windows 11"/>
    <property name="java.vm.specification.version" value="21"/>
    <property name="sun.java.launcher" value="SUN_STANDARD"/>
    <property name="user.country" value="MX"/>
    <property name="sun.boot.library.path" value="D:\java\bin"/>
    <property name="sun.java.command" value="C:\Users\Diana Mateos\AppData\Local\Temp\surefire5581428062663179288\surefirebooter-20250923205223715_3.jar C:\Users\Diana Mateos\AppData\Local\Temp\surefire5581428062663179288 2025-09-23T20-52-18_045-jvmRun1 surefire-20250923205223715_1tmp surefire_0-20250923205223715_2tmp"/>
    <property name="jdk.debug" value="release"/>
    <property name="surefire.test.class.path" value="D:\CalculadoraJava\calculadoraJava\Calculadora\target\test-classes;D:\CalculadoraJava\calculadoraJava\Calculadora\target\classes;C:\Users\Diana Mateos\.m2\repository\org\junit\jupiter\junit-jupiter-api\5.11.0\junit-jupiter-api-5.11.0.jar;C:\Users\Diana Mateos\.m2\repository\org\opentest4j\opentest4j\1.3.0\opentest4j-1.3.0.jar;C:\Users\Diana Mateos\.m2\repository\org\junit\platform\junit-platform-commons\1.11.0\junit-platform-commons-1.11.0.jar;C:\Users\Diana Mateos\.m2\repository\org\apiguardian\apiguardian-api\1.1.2\apiguardian-api-1.1.2.jar;C:\Users\Diana Mateos\.m2\repository\org\junit\jupiter\junit-jupiter-params\5.11.0\junit-jupiter-params-5.11.0.jar;"/>
    <property name="sun.cpu.endian" value="little"/>
    <property name="user.home" value="C:\Users\Diana Mateos"/>
    <property name="user.language" value="es"/>
    <property name="java.specification.vendor" value="Oracle Corporation"/>
    <property name="java.version.date" value="2025-04-15"/>
    <property name="java.home" value="D:\java"/>
    <property name="file.separator" value="\"/>
    <property name="basedir" value="D:\CalculadoraJava\calculadoraJava\Calculadora"/>
    <property name="java.vm.compressedOopsMode" value="32-bit"/>
    <property name="line.separator" value="&#10;"/>
    <property name="java.vm.specification.vendor" value="Oracle Corporation"/>
    <property name="java.specification.name" value="Java Platform API Specification"/>
    <property name="surefire.real.class.path" value="C:\Users\Diana Mateos\AppData\Local\Temp\surefire5581428062663179288\surefirebooter-20250923205223715_3.jar"/>
    <property name="user.script" value=""/>
    <property name="sun.management.compiler" value="HotSpot 64-Bit Tiered Compilers"/>
    <property name="java.runtime.version" value="21.0.7+8-LTS-245"/>
    <property name="user.name" value="Diana Mateos"/>
    <property name="stdout.encoding" value="Cp1252"/>
    <property name="path.separator" value=";"/>
    <property name="os.version" value="10.0"/>
    <property name="java.runtime.name" value="Java(TM) SE Runtime Environment"/>
    <property name="file.encoding" value="UTF-8"/>
    <property name="java.vm.name" value="Java HotSpot(TM) 64-Bit Server VM"/>
    <property name="localRepository" value="C:\Users\Diana Mateos\.m2\repository"/>
    <property name="java.vendor.url.bug" value="https://bugreport.java.com/bugreport/"/>
    <property name="java.io.tmpdir" value="C:\Users\DIANAM~1\AppData\Local\Temp\"/>
    <property name="java.version" value="21.0.7"/>
    <property name="user.dir" value="D:\CalculadoraJava\calculadoraJava\Calculadora"/>
    <property name="os.arch" value="amd64"/>
    <property name="java.vm.specification.name" value="Java Virtual Machine Specification"/>
    <property name="sun.os.patch.level" value=""/>
    <property name="native.encoding" value="Cp1252"/>
    <property name="java.library.path" value="D:\java\bin;C:\WINDOWS\Sun\Java\bin;C:\WINDOWS\system32;C:\WINDOWS;C:\Program Files\Common Files\Oracle\Java\javapath;C:\WINDOWS\system32;C:\WINDOWS;C:\WINDOWS\System32\Wbem;C:\WINDOWS\System32\WindowsPowerShell\v1.0\;C:\WINDOWS\System32\OpenSSH\;D:\java\bin;C:\Program Files\MongoDB\Server\4.2\bin;C:\Program Files\Java\jdk-1.8\bin;C:\xampp\mysql\bin;D:\atlitec\php-8.3.16-nts-Win32-vs16-x64;C:\ProgramData\chocolatey\bin;C:\tools\dart-sdk\bin;C:\php-8.2;C:\xampp\php;C:\flutter\bin;C:\Program Files\dotnet\;C:\Program Files\nodejs\;C:\Program Files\Git\cmd;D:\apache-maven-3.9.11\bin;C:\Program Files (x86)\Common Files\Oracle\Java\java8path;C:\Program Files (x86)\Common Files\Oracle\Java\javapath;C:\WINDOWS\system32;C:\WINDOWS;C:\WINDOWS\System32\Wbem;C:\WINDOWS\System32\WindowsPowerShell\v1.0\;C:\WINDOWS\System32\OpenSSH\;C:\Program Files\Java\jdk1.8.0_251\bin\bin;C:\Program Files\Microsoft SQL Server\150\Tools\Binn\;C:\Program Files\MongoDB\Server\4.2\bin;C:\Program Files\Java\jdk-1.8\bin;C:\xampp\mysql\bin;C:\Program Files\nodejs\;D:\atlitec\php-8.3.16-nts-Win32-vs16-x64;C:\ProgramData\ComposerSetup\bin;C:\Program Files\Common Files\Oracle\Java\javapath;C:\Users\Diana Mateos\AppData\Local\Microsoft\WindowsApps;C:\mongosh-1.10.6\bin;C:\Program Files\MongoDB\Server\5.0\bin;C:\Users\Diana Mateos;C:\Users\Diana Mateos\AppData\Local\Microsoft\WindowsApps;C:\Program Files\PostgreSQL\16\bin;C:\Program Files\Oracle\VirtualBox;C:\;C:\tools\dart-sdk\bin;C:\Users\Diana Mateos\AppData\Local\Pub\Cache\bin;C:\Users\Diana Mateos\.dotnet\tools;C:\Users\Diana Mateos\AppData\Roaming\npm;D:\codee\bin;."/>
    <property name="java.vm.info" value="mixed mode, sharing"/>
    <property name="stderr.encoding" value="Cp1252"/>
    <property name="java.vendor" value="Oracle Corporation"/>
    <property name="java.vm.version" value="21.0.7+8-LTS-245"/>
    <property name="sun.io.unicode.encoding" value="UnicodeLittle"/>
    <property name="java.class.version" value="65.0"/>
  </properties>
  <testcase name="shouldAnswerWithTrue" classname="com.uttec.calculadora.AppTest" time="0.079"/>
</testsuite>